<?xml version="1.0" encoding="UTF-8"?>
<!-- Generated by org.testng.reporters.JUnitReportReporter -->
<testsuite hostname="LAPTOP-570PAFEV" failures="0" tests="2" name="org.capstonetestcase.TestCaseThree" time="10.603" errors="0" timestamp="2023-06-20T15:43:36 IST" skipped="0">
  <testcase classname="org.capstonetestcase.TestCaseThree" name="t3Scenarios" time="4.357"/>
  <system-out/>
  <testcase classname="org.capstonetestcase.TestCaseThree" name="t3Scenarios" time="6.246"/>
  <system-out/>
</testsuite> <!-- org.capstonetestcase.TestCaseThree -->
