<?xml version="1.0" encoding="UTF-8"?>
<!-- Generated by org.testng.reporters.JUnitReportReporter -->
<testsuite hostname="LAPTOP-570PAFEV" failures="0" tests="2" name="org.capstonetestcase.TestCaseFour" time="28.485" errors="0" timestamp="2023-06-20T16:18:40 IST" skipped="0">
  <testcase classname="org.capstonetestcase.TestCaseFour" name="tc4Scenarios" time="14.168"/>
  <system-out/>
  <testcase classname="org.capstonetestcase.TestCaseFour" name="tc4Scenarios" time="14.317"/>
  <system-out/>
</testsuite> <!-- org.capstonetestcase.TestCaseFour -->
