<?xml version="1.0" encoding="UTF-8"?>
<!-- Generated by org.testng.reporters.JUnitReportReporter -->
<testsuite hostname="LAPTOP-570PAFEV" failures="0" tests="2" name="org.capstonetestcase.TestCaseTwo" time="86.532" errors="0" timestamp="2023-06-21T00:38:18 IST" skipped="0">
  <testcase classname="org.capstonetestcase.TestCaseTwo" name="tc2Scenarios" time="40.847"/>
  <system-out/>
  <testcase classname="org.capstonetestcase.TestCaseTwo" name="tc2Scenarios" time="45.685"/>
  <system-out/>
</testsuite> <!-- org.capstonetestcase.TestCaseTwo -->
