<?xml version="1.0" encoding="UTF-8"?>
<!-- Generated by org.testng.reporters.JUnitReportReporter -->
<testsuite hostname="LAPTOP-570PAFEV" failures="0" tests="2" name="org.capstonetestcase.TestCaseOne" time="59.585" errors="0" timestamp="2023-06-20T16:39:04 IST" skipped="0">
  <testcase classname="org.capstonetestcase.TestCaseOne" name="tc1Scenarios" time="29.712"/>
  <system-out/>
  <testcase classname="org.capstonetestcase.TestCaseOne" name="tc1Scenarios" time="29.873"/>
  <system-out/>
</testsuite> <!-- org.capstonetestcase.TestCaseOne -->
