<?xml version="1.0" encoding="UTF-8"?>
<!-- Generated by org.testng.reporters.JUnitReportReporter -->
<testsuite hostname="LAPTOP-570PAFEV" failures="0" tests="2" name="org.capstonetestcase.TestCaseFive" time="82.478" errors="0" timestamp="2023-06-21T00:43:19 IST" skipped="0">
  <testcase classname="org.capstonetestcase.TestCaseFive" name="tc5Scenarios" time="42.645"/>
  <system-out/>
  <testcase classname="org.capstonetestcase.TestCaseFive" name="tc5Scenarios" time="39.833"/>
  <system-out/>
</testsuite> <!-- org.capstonetestcase.TestCaseFive -->
