<?xml version="1.0" encoding="UTF-8"?>
<!-- Generated by org.testng.reporters.JUnitReportReporter -->
<testsuite hostname="LAPTOP-570PAFEV" failures="0" tests="2" name="org.capstonetestcase.TestCaseSix" time="23.795" errors="0" timestamp="2023-06-20T16:37:59 IST" skipped="0">
  <testcase classname="org.capstonetestcase.TestCaseSix" name="tc6Scenarios" time="8.134"/>
  <system-out/>
  <testcase classname="org.capstonetestcase.TestCaseSix" name="tc6Scenarios" time="15.661"/>
  <system-out/>
</testsuite> <!-- org.capstonetestcase.TestCaseSix -->
