<?xml version="1.0" encoding="UTF-8"?>
<!-- Generated by org.testng.reporters.JUnitReportReporter -->
<testsuite hostname="LAPTOP-570PAFEV" failures="0" tests="2" name="org.capstonetestcase.TestCaseFour" time="40.590" errors="0" timestamp="20 Jun 2023 19:34:12 GMT" skipped="0">
  <testcase classname="org.capstonetestcase.TestCaseFour" name="tc4Scenarios" time="21.831"/>
  <testcase classname="org.capstonetestcase.TestCaseFour" name="tc4Scenarios" time="18.759"/>
</testsuite> <!-- org.capstonetestcase.TestCaseFour -->
