<?xml version="1.0" encoding="UTF-8"?>
<!-- Generated by org.testng.reporters.JUnitReportReporter -->
<testsuite hostname="LAPTOP-570PAFEV" failures="0" tests="2" name="org.capstonetestcase.TestCaseOne" time="71.205" errors="0" timestamp="20 Jun 2023 19:34:12 GMT" skipped="0">
  <testcase classname="org.capstonetestcase.TestCaseOne" name="tc1Scenarios" time="36.292"/>
  <testcase classname="org.capstonetestcase.TestCaseOne" name="tc1Scenarios" time="34.913"/>
</testsuite> <!-- org.capstonetestcase.TestCaseOne -->
