<?xml version="1.0" encoding="UTF-8"?>
<!-- Generated by org.testng.reporters.JUnitReportReporter -->
<testsuite hostname="LAPTOP-570PAFEV" failures="0" tests="2" name="org.capstonetestcase.TestCaseSix" time="18.752" errors="0" timestamp="20 Jun 2023 19:34:12 GMT" skipped="0">
  <testcase classname="org.capstonetestcase.TestCaseSix" name="tc6Scenarios" time="9.250"/>
  <testcase classname="org.capstonetestcase.TestCaseSix" name="tc6Scenarios" time="9.502"/>
</testsuite> <!-- org.capstonetestcase.TestCaseSix -->
