<?xml version="1.0" encoding="UTF-8"?>
<!-- Generated by org.testng.reporters.JUnitReportReporter -->
<testsuite hostname="LAPTOP-570PAFEV" failures="0" tests="2" name="org.capstonetestcase.TestCaseThree" time="15.235" errors="0" timestamp="20 Jun 2023 19:34:12 GMT" skipped="0">
  <testcase classname="org.capstonetestcase.TestCaseThree" name="t3Scenarios" time="6.957"/>
  <testcase classname="org.capstonetestcase.TestCaseThree" name="t3Scenarios" time="8.278"/>
</testsuite> <!-- org.capstonetestcase.TestCaseThree -->
