<?xml version="1.0" encoding="UTF-8"?>
<!-- Generated by org.testng.reporters.JUnitReportReporter -->
<testsuite hostname="LAPTOP-570PAFEV" failures="0" tests="2" name="org.capstonetestcase.TestCaseFive" time="103.269" errors="0" timestamp="20 Jun 2023 19:34:12 GMT" skipped="0">
  <testcase classname="org.capstonetestcase.TestCaseFive" name="tc5Scenarios" time="44.103"/>
  <testcase classname="org.capstonetestcase.TestCaseFive" name="tc5Scenarios" time="59.166"/>
</testsuite> <!-- org.capstonetestcase.TestCaseFive -->
