<?xml version="1.0" encoding="UTF-8"?>
<!-- Generated by org.testng.reporters.JUnitReportReporter -->
<testsuite hostname="LAPTOP-570PAFEV" failures="0" tests="2" name="org.capstonetestcase.TestCaseTwo" time="100.051" errors="0" timestamp="20 Jun 2023 19:34:12 GMT" skipped="0">
  <testcase classname="org.capstonetestcase.TestCaseTwo" name="tc2Scenarios" time="42.768"/>
  <testcase classname="org.capstonetestcase.TestCaseTwo" name="tc2Scenarios" time="57.283"/>
</testsuite> <!-- org.capstonetestcase.TestCaseTwo -->
